<?xml version="1.0" encoding="UTF-8"?>
<testsuite xmlns:xsi="http://www.w3.org/2001/XMLSchema-instance" xsi:noNamespaceSchemaLocation="https://maven.apache.org/surefire/maven-surefire-plugin/xsd/surefire-test-report-3.0.xsd" version="3.0" name="com.example.calculator.api.controller.CalculatorControllerTest" time="11.98" tests="3" errors="0" skipped="0" failures="0">
  <properties>
[...]
</properties>
  <testcase name="testCalculateWithoutToken" classname="com.example.calculator.api.controller.CalculatorControllerTest" time="0.988">
    <system-out><![CDATA[01:50:07.524 [main] INFO org.springframework.test.context.support.AnnotationConfigContextLoaderUtils -- Could not detect default configuration classes for test class [com.example.calculator.api.controller.CalculatorControllerTest]: CalculatorControllerTest does not declare any static, non-private, non-final, nested classes annotated with @Configuration.
01:50:07.734 [main] INFO org.springframework.boot.test.context.SpringBootTestContextBootstrapper -- Found @SpringBootConfiguration com.example.calculator.api.CalculatorApiApplication for test class com.example.calculator.api.controller.CalculatorControllerTest

  .   ____          _            __ _ _
 /\\ / ___'_ __ _ _(_)_ __  __ _ \ \ \ \
( ( )\___ | '_ | '_| | '_ \/ _` | \ \ \ \
 \\/  ___)| |_)| | | | | || (_| |  ) ) ) )
  '  |____| .__|_| |_|_| |_\__, | / / / /
 =========|_|==============|___/=/_/_/_/
 :: Spring Boot ::                (v3.2.4)

2026-04-15T01:50:08.591+03:00  INFO 23244 --- [calculator-service] [           main] c.e.c.a.c.CalculatorControllerTest       : Starting CalculatorControllerTest using Java 17.0.18 with PID 23244 (started by kaplu in C:\Users\kaplu\java_calculator\calculator-service)
2026-04-15T01:50:08.593+03:00  INFO 23244 --- [calculator-service] [           main] c.e.c.a.c.CalculatorControllerTest       : No active profile set, falling back to 1 default profile: "default"
2026-04-15T01:50:10.032+03:00  INFO 23244 --- [calculator-service] [           main] .s.d.r.c.RepositoryConfigurationDelegate : Bootstrapping Spring Data JPA repositories in DEFAULT mode.
2026-04-15T01:50:10.168+03:00  INFO 23244 --- [calculator-service] [           main] .s.d.r.c.RepositoryConfigurationDelegate : Finished Spring Data repository scanning in 119 ms. Found 1 JPA repository interface.
2026-04-15T01:50:11.146+03:00  INFO 23244 --- [calculator-service] [           main] com.zaxxer.hikari.HikariDataSource       : HikariPool-1 - Starting...
2026-04-15T01:50:11.599+03:00  INFO 23244 --- [calculator-service] [           main] com.zaxxer.hikari.pool.HikariPool        : HikariPool-1 - Added connection conn0: url=jdbc:h2:mem:calculator user=SA
2026-04-15T01:50:11.602+03:00  INFO 23244 --- [calculator-service] [           main] com.zaxxer.hikari.HikariDataSource       : HikariPool-1 - Start completed.
2026-04-15T01:50:11.842+03:00  INFO 23244 --- [calculator-service] [           main] o.hibernate.jpa.internal.util.LogHelper  : HHH000204: Processing PersistenceUnitInfo [name: default]
2026-04-15T01:50:11.978+03:00  INFO 23244 --- [calculator-service] [           main] org.hibernate.Version                    : HHH000412: Hibernate ORM core version 6.4.4.Final
2026-04-15T01:50:12.064+03:00  INFO 23244 --- [calculator-service] [           main] o.h.c.internal.RegionFactoryInitiator    : HHH000026: Second-level cache disabled
2026-04-15T01:50:12.626+03:00  INFO 23244 --- [calculator-service] [           main] o.s.o.j.p.SpringPersistenceUnitInfo      : No LoadTimeWeaver setup: ignoring JPA class transformer
2026-04-15T01:50:14.120+03:00  INFO 23244 --- [calculator-service] [           main] o.h.e.t.j.p.i.JtaPlatformInitiator       : HHH000489: No JTA platform available (set 'hibernate.transaction.jta.platform' to enable JTA platform integration)
2026-04-15T01:50:14.182+03:00  INFO 23244 --- [calculator-service] [           main] j.LocalContainerEntityManagerFactoryBean : Initialized JPA EntityManagerFactory for persistence unit 'default'
2026-04-15T01:50:16.046+03:00  WARN 23244 --- [calculator-service] [           main] JpaBaseConfiguration$JpaWebConfiguration : spring.jpa.open-in-view is enabled by default. Therefore, database queries may be performed during view rendering. Explicitly configure spring.jpa.open-in-view to disable this warning
2026-04-15T01:50:16.706+03:00  INFO 23244 --- [calculator-service] [           main] o.s.s.web.DefaultSecurityFilterChain     : Will secure any request with [org.springframework.security.web.session.DisableEncodeUrlFilter@e14559e, org.springframework.security.web.context.request.async.WebAsyncManagerIntegrationFilter@7a0eb939, org.springframework.security.web.context.SecurityContextHolderFilter@702ab027, org.springframework.security.web.header.HeaderWriterFilter@2c8f7d6a, org.springframework.web.filter.CorsFilter@54a7d1b9, org.springframework.security.web.authentication.logout.LogoutFilter@2314f013, com.example.calculator.api.security.JwtAuthenticationFilter@7fc5a558, org.springframework.security.web.savedrequest.RequestCacheAwareFilter@8929865, org.springframework.security.web.servletapi.SecurityContextHolderAwareRequestFilter@489989eb, org.springframework.security.web.authentication.AnonymousAuthenticationFilter@209f0986, org.springframework.security.web.session.SessionManagementFilter@153c69bc, org.springframework.security.web.access.ExceptionTranslationFilter@156d7556, org.springframework.security.web.access.intercept.AuthorizationFilter@59f5a376]
2026-04-15T01:50:17.184+03:00  INFO 23244 --- [calculator-service] [           main] o.s.b.a.h2.H2ConsoleAutoConfiguration    : H2 console available at '/h2-console'. Database available at 'jdbc:h2:mem:calculator'
2026-04-15T01:50:17.327+03:00  INFO 23244 --- [calculator-service] [           main] o.s.b.t.m.w.SpringBootMockServletContext : Initializing Spring TestDispatcherServlet ''
2026-04-15T01:50:17.327+03:00  INFO 23244 --- [calculator-service] [           main] o.s.t.web.servlet.TestDispatcherServlet  : Initializing Servlet ''
2026-04-15T01:50:17.332+03:00  INFO 23244 --- [calculator-service] [           main] o.s.t.web.servlet.TestDispatcherServlet  : Completed initialization in 1 ms
2026-04-15T01:50:17.443+03:00  INFO 23244 --- [calculator-service] [           main] c.e.c.a.c.CalculatorControllerTest       : Started CalculatorControllerTest in 9.406 seconds (process running for 11.263)
2026-04-15T01:50:18.413+03:00 DEBUG 23244 --- [calculator-service] [           main] o.s.security.web.FilterChainProxy        : Securing POST /calculator/calculate
2026-04-15T01:50:18.426+03:00 DEBUG 23244 --- [calculator-service] [           main] o.s.s.w.a.AnonymousAuthenticationFilter  : Set SecurityContextHolder to anonymous SecurityContext
2026-04-15T01:50:18.430+03:00 DEBUG 23244 --- [calculator-service] [           main] o.s.s.w.a.Http403ForbiddenEntryPoint     : Pre-authenticated entry point called. Rejecting access
]]></system-out>
  </testcase>
  <testcase name="testHealth" classname="com.example.calculator.api.controller.CalculatorControllerTest" time="0.062">
    <system-out><![CDATA[2026-04-15T01:50:18.474+03:00 DEBUG 23244 --- [calculator-service] [           main] o.s.security.web.FilterChainProxy        : Securing GET /calculator/health
2026-04-15T01:50:18.474+03:00 DEBUG 23244 --- [calculator-service] [           main] o.s.s.w.a.AnonymousAuthenticationFilter  : Set SecurityContextHolder to anonymous SecurityContext
2026-04-15T01:50:18.476+03:00 DEBUG 23244 --- [calculator-service] [           main] o.s.security.web.FilterChainProxy        : Secured GET /calculator/health
]]></system-out>
  </testcase>
  <testcase name="testCalculateWithToken" classname="com.example.calculator.api.controller.CalculatorControllerTest" time="0.68">
    <system-out><![CDATA[2026-04-15T01:50:18.841+03:00 DEBUG 23244 --- [calculator-service] [           main] o.s.security.web.FilterChainProxy        : Securing POST /calculator/calculate
2026-04-15T01:50:18.928+03:00 DEBUG 23244 --- [calculator-service] [           main] o.s.security.web.FilterChainProxy        : Secured POST /calculator/calculate
Hibernate: 
    insert 
    into
        calculation_history
        (calculation_time, inputa, inputb, operation, result, id) 
    values
        (?, ?, ?, ?, ?, default)
LOGGED to external service (Simulated POST): {res=30.0, op=ADD}
Using headers: [Content-Type:"application/json", X-Logger-Source:"CalculatorService", Authorization:"Bearer MOCK_TOKEN_FOR_EXTERNAL_LOGS"]
]]></system-out>
  </testcase>
</testsuite>